mode: set
golang/pkg/chapters/chapter11/sub2/sub1/randompalindrome/randompalindrome.go:15.46,22.36 2 1
golang/pkg/chapters/chapter11/sub2/sub1/randompalindrome/randompalindrome.go:22.36,26.3 3 1
golang/pkg/chapters/chapter11/sub2/sub1/randompalindrome/randompalindrome.go:28.2,28.24 1 1
golang/pkg/chapters/chapter11/sub2/sub1/randompalindrome/randompalindrome.go:32.49,44.30 3 0
golang/pkg/chapters/chapter11/sub2/sub1/randompalindrome/randompalindrome.go:44.30,47.3 2 0
golang/pkg/chapters/chapter11/sub2/sub1/randompalindrome/randompalindrome.go:49.2,49.33 1 0
golang/pkg/chapters/chapter11/sub2/sub1/randompalindrome/randompalindrome.go:49.33,50.57 1 0
golang/pkg/chapters/chapter11/sub2/sub1/randompalindrome/randompalindrome.go:50.57,52.4 1 0
golang/pkg/chapters/chapter11/sub2/sub1/randompalindrome/randompalindrome.go:55.2,55.17 1 0
golang/pkg/chapters/chapter11/sub2/sub1/randompalindrome/randompalindrome.go:55.17,57.3 1 0
golang/pkg/chapters/chapter11/sub2/sub1/randompalindrome/randompalindrome.go:59.2,59.24 1 0
